The system is: Linux - 4.10.0-42-generic - x86_64
Compiling the C compiler identification source file "CMakeCCompilerId.c" succeeded.
Compiler: /usr/bin/cc 
Build flags: 
Id flags: 

The output was:
0


Compilation of the C compiler identification source "CMakeCCompilerId.c" produced "a.out"

The C compiler identification is GNU, found in "/home/ken/Documents/C++/GLImac-Template/build/CMakeFiles/3.5.1/CompilerIdC/a.out"

Compiling the CXX compiler identification source file "CMakeCXXCompilerId.cpp" succeeded.
Compiler: /usr/bin/c++ 
Build flags: 
Id flags: 

The output was:
0


Compilation of the CXX compiler identification source "CMakeCXXCompilerId.cpp" produced "a.out"

The CXX compiler identification is GNU, found in "/home/ken/Documents/C++/GLImac-Template/build/CMakeFiles/3.5.1/CompilerIdCXX/a.out"

Determining if the C compiler works passed with the following output:
Change Dir: /home/ken/Documents/C++/GLImac-Template/build/CMakeFiles/CMakeTmp

Run Build Command:"/usr/bin/make" "cmTC_0976a/fast"
/usr/bin/make -f CMakeFiles/cmTC_0976a.dir/build.make CMakeFiles/cmTC_0976a.dir/build
make[1]: Entering directory '/home/ken/Documents/C++/GLImac-Template/build/CMakeFiles/CMakeTmp'
Building C object CMakeFiles/cmTC_0976a.dir/testCCompiler.c.o
/usr/bin/cc     -o CMakeFiles/cmTC_0976a.dir/testCCompiler.c.o   -c /home/ken/Documents/C++/GLImac-Template/build/CMakeFiles/CMakeTmp/testCCompiler.c
Linking C executable cmTC_0976a
/usr/bin/cmake -E cmake_link_script CMakeFiles/cmTC_0976a.dir/link.txt --verbose=1
/usr/bin/cc       CMakeFiles/cmTC_0976a.dir/testCCompiler.c.o  -o cmTC_0976a -rdynamic 
make[1]: Leaving directory '/home/ken/Documents/C++/GLImac-Template/build/CMakeFiles/CMakeTmp'


Detecting C compiler ABI info compiled with the following output:
Change Dir: /home/ken/Documents/C++/GLImac-Template/build/CMakeFiles/CMakeTmp

Run Build Command:"/usr/bin/make" "cmTC_c5d10/fast"
/usr/bin/make -f CMakeFiles/cmTC_c5d10.dir/build.make CMakeFiles/cmTC_c5d10.dir/build
make[1]: Entering directory '/home/ken/Documents/C++/GLImac-Template/build/CMakeFiles/CMakeTmp'
Building C object CMakeFiles/cmTC_c5d10.dir/CMakeCCompilerABI.c.o
/usr/bin/cc     -o CMakeFiles/cmTC_c5d10.dir/CMakeCCompilerABI.c.o   -c /usr/share/cmake-3.5/Modules/CMakeCCompilerABI.c
Linking C executable cmTC_c5d10
/usr/bin/cmake -E cmake_link_script CMakeFiles/cmTC_c5d10.dir/link.txt --verbose=1
/usr/bin/cc      -v CMakeFiles/cmTC_c5d10.dir/CMakeCCompilerABI.c.o  -o cmTC_c5d10 -rdynamic  
Using built-in specs.
COLLECT_GCC=/usr/bin/cc
COLLECT_LTO_WRAPPER=/usr/lib/gcc/x86_64-linux-gnu/5/lto-wrapper
Target: x86_64-linux-gnu
Configured with: ../src/configure -v --with-pkgversion='Ubuntu 5.4.0-6ubuntu1~16.04.5' --with-bugurl=file:///usr/share/doc/gcc-5/README.Bugs --enable-languages=c,ada,c++,java,go,d,fortran,objc,obj-c++ --prefix=/usr --program-suffix=-5 --enable-shared --enable-linker-build-id --libexecdir=/usr/lib --without-included-gettext --enable-threads=posix --libdir=/usr/lib --enable-nls --with-sysroot=/ --enable-clocale=gnu --enable-libstdcxx-debug --enable-libstdcxx-time=yes --with-default-libstdcxx-abi=new --enable-gnu-unique-object --disable-vtable-verify --enable-libmpx --enable-plugin --with-system-zlib --disable-browser-plugin --enable-java-awt=gtk --enable-gtk-cairo --with-java-home=/usr/lib/jvm/java-1.5.0-gcj-5-amd64/jre --enable-java-home --with-jvm-root-dir=/usr/lib/jvm/java-1.5.0-gcj-5-amd64 --with-jvm-jar-dir=/usr/lib/jvm-exports/java-1.5.0-gcj-5-amd64 --with-arch-directory=amd64 --with-ecj-jar=/usr/share/java/eclipse-ecj.jar --enable-objc-gc --enable-multiarch --disable-werror --with-arch-32=i686 --with-abi=m64 --with-multilib-list=m32,m64,mx32 --enable-multilib --with-tune=generic --enable-checking=release --build=x86_64-linux-gnu --host=x86_64-linux-gnu --target=x86_64-linux-gnu
Thread model: posix
gcc version 5.4.0 20160609 (Ubuntu 5.4.0-6ubuntu1~16.04.5) 
COMPILER_PATH=/usr/lib/gcc/x86_64-linux-gnu/5/:/usr/lib/gcc/x86_64-linux-gnu/5/:/usr/lib/gcc/x86_64-linux-gnu/:/usr/lib/gcc/x86_64-linux-gnu/5/:/usr/lib/gcc/x86_64-linux-gnu/
LIBRARY_PATH=/usr/lib/gcc/x86_64-linux-gnu/5/:/usr/lib/gcc/x86_64-linux-gnu/5/../../../x86_64-linux-gnu/:/usr/lib/gcc/x86_64-linux-gnu/5/../../../../lib/:/lib/x86_64-linux-gnu/:/lib/../lib/:/usr/lib/x86_64-linux-gnu/:/usr/lib/../lib/:/usr/lib/gcc/x86_64-linux-gnu/5/../../../:/lib/:/usr/lib/
COLLECT_GCC_OPTIONS='-v' '-o' 'cmTC_c5d10' '-rdynamic' '-mtune=generic' '-march=x86-64'
 /usr/lib/gcc/x86_64-linux-gnu/5/collect2 -plugin /usr/lib/gcc/x86_64-linux-gnu/5/liblto_plugin.so -plugin-opt=/usr/lib/gcc/x86_64-linux-gnu/5/lto-wrapper -plugin-opt=-fresolution=/tmp/ccLZ4vgX.res -plugin-opt=-pass-through=-lgcc -plugin-opt=-pass-through=-lgcc_s -plugin-opt=-pass-through=-lc -plugin-opt=-pass-through=-lgcc -plugin-opt=-pass-through=-lgcc_s --sysroot=/ --build-id --eh-frame-hdr -m elf_x86_64 --hash-style=gnu --as-needed -export-dynamic -dynamic-linker /lib64/ld-linux-x86-64.so.2 -z relro -o cmTC_c5d10 /usr/lib/gcc/x86_64-linux-gnu/5/../../../x86_64-linux-gnu/crt1.o /usr/lib/gcc/x86_64-linux-gnu/5/../../../x86_64-linux-gnu/crti.o /usr/lib/gcc/x86_64-linux-gnu/5/crtbegin.o -L/usr/lib/gcc/x86_64-linux-gnu/5 -L/usr/lib/gcc/x86_64-linux-gnu/5/../../../x86_64-linux-gnu -L/usr/lib/gcc/x86_64-linux-gnu/5/../../../../lib -L/lib/x86_64-linux-gnu -L/lib/../lib -L/usr/lib/x86_64-linux-gnu -L/usr/lib/../lib -L/usr/lib/gcc/x86_64-linux-gnu/5/../../.. CMakeFiles/cmTC_c5d10.dir/CMakeCCompilerABI.c.o -lgcc --as-needed -lgcc_s --no-as-needed -lc -lgcc --as-needed -lgcc_s --no-as-needed /usr/lib/gcc/x86_64-linux-gnu/5/crtend.o /usr/lib/gcc/x86_64-linux-gnu/5/../../../x86_64-linux-gnu/crtn.o
make[1]: Leaving directory '/home/ken/Documents/C++/GLImac-Template/build/CMakeFiles/CMakeTmp'


Parsed C implicit link information from above output:
  link line regex: [^( *|.*[/\])(ld|([^/\]+-)?ld|collect2)[^/\]*( |$)]
  ignore line: [Change Dir: /home/ken/Documents/C++/GLImac-Template/build/CMakeFiles/CMakeTmp]
  ignore line: []
  ignore line: [Run Build Command:"/usr/bin/make" "cmTC_c5d10/fast"]
  ignore line: [/usr/bin/make -f CMakeFiles/cmTC_c5d10.dir/build.make CMakeFiles/cmTC_c5d10.dir/build]
  ignore line: [make[1]: Entering directory '/home/ken/Documents/C++/GLImac-Template/build/CMakeFiles/CMakeTmp']
  ignore line: [Building C object CMakeFiles/cmTC_c5d10.dir/CMakeCCompilerABI.c.o]
  ignore line: [/usr/bin/cc     -o CMakeFiles/cmTC_c5d10.dir/CMakeCCompilerABI.c.o   -c /usr/share/cmake-3.5/Modules/CMakeCCompilerABI.c]
  ignore line: [Linking C executable cmTC_c5d10]
  ignore line: [/usr/bin/cmake -E cmake_link_script CMakeFiles/cmTC_c5d10.dir/link.txt --verbose=1]
  ignore line: [/usr/bin/cc      -v CMakeFiles/cmTC_c5d10.dir/CMakeCCompilerABI.c.o  -o cmTC_c5d10 -rdynamic  ]
  ignore line: [Using built-in specs.]
  ignore line: [COLLECT_GCC=/usr/bin/cc]
  ignore line: [COLLECT_LTO_WRAPPER=/usr/lib/gcc/x86_64-linux-gnu/5/lto-wrapper]
  ignore line: [Target: x86_64-linux-gnu]
  ignore line: [Configured with: ../src/configure -v --with-pkgversion='Ubuntu 5.4.0-6ubuntu1~16.04.5' --with-bugurl=file:///usr/share/doc/gcc-5/README.Bugs --enable-languages=c,ada,c++,java,go,d,fortran,objc,obj-c++ --prefix=/usr --program-suffix=-5 --enable-shared --enable-linker-build-id --libexecdir=/usr/lib --without-included-gettext --enable-threads=posix --libdir=/usr/lib --enable-nls --with-sysroot=/ --enable-clocale=gnu --enable-libstdcxx-debug --enable-libstdcxx-time=yes --with-default-libstdcxx-abi=new --enable-gnu-unique-object --disable-vtable-verify --enable-libmpx --enable-plugin --with-system-zlib --disable-browser-plugin --enable-java-awt=gtk --enable-gtk-cairo --with-java-home=/usr/lib/jvm/java-1.5.0-gcj-5-amd64/jre --enable-java-home --with-jvm-root-dir=/usr/lib/jvm/java-1.5.0-gcj-5-amd64 --with-jvm-jar-dir=/usr/lib/jvm-exports/java-1.5.0-gcj-5-amd64 --with-arch-directory=amd64 --with-ecj-jar=/usr/share/java/eclipse-ecj.jar --enable-objc-gc --enable-multiarch --disable-werror --with-arch-32=i686 --with-abi=m64 --with-multilib-list=m32,m64,mx32 --enable-multilib --with-tune=generic --enable-checking=release --build=x86_64-linux-gnu --host=x86_64-linux-gnu --target=x86_64-linux-gnu]
  ignore line: [Thread model: posix]
  ignore line: [gcc version 5.4.0 20160609 (Ubuntu 5.4.0-6ubuntu1~16.04.5) ]
  ignore line: [COMPILER_PATH=/usr/lib/gcc/x86_64-linux-gnu/5/:/usr/lib/gcc/x86_64-linux-gnu/5/:/usr/lib/gcc/x86_64-linux-gnu/:/usr/lib/gcc/x86_64-linux-gnu/5/:/usr/lib/gcc/x86_64-linux-gnu/]
  ignore line: [LIBRARY_PATH=/usr/lib/gcc/x86_64-linux-gnu/5/:/usr/lib/gcc/x86_64-linux-gnu/5/../../../x86_64-linux-gnu/:/usr/lib/gcc/x86_64-linux-gnu/5/../../../../lib/:/lib/x86_64-linux-gnu/:/lib/../lib/:/usr/lib/x86_64-linux-gnu/:/usr/lib/../lib/:/usr/lib/gcc/x86_64-linux-gnu/5/../../../:/lib/:/usr/lib/]
  ignore line: [COLLECT_GCC_OPTIONS='-v' '-o' 'cmTC_c5d10' '-rdynamic' '-mtune=generic' '-march=x86-64']
  link line: [ /usr/lib/gcc/x86_64-linux-gnu/5/collect2 -plugin /usr/lib/gcc/x86_64-linux-gnu/5/liblto_plugin.so -plugin-opt=/usr/lib/gcc/x86_64-linux-gnu/5/lto-wrapper -plugin-opt=-fresolution=/tmp/ccLZ4vgX.res -plugin-opt=-pass-through=-lgcc -plugin-opt=-pass-through=-lgcc_s -plugin-opt=-pass-through=-lc -plugin-opt=-pass-through=-lgcc -plugin-opt=-pass-through=-lgcc_s --sysroot=/ --build-id --eh-frame-hdr -m elf_x86_64 --hash-style=gnu --as-needed -export-dynamic -dynamic-linker /lib64/ld-linux-x86-64.so.2 -z relro -o cmTC_c5d10 /usr/lib/gcc/x86_64-linux-gnu/5/../../../x86_64-linux-gnu/crt1.o /usr/lib/gcc/x86_64-linux-gnu/5/../../../x86_64-linux-gnu/crti.o /usr/lib/gcc/x86_64-linux-gnu/5/crtbegin.o -L/usr/lib/gcc/x86_64-linux-gnu/5 -L/usr/lib/gcc/x86_64-linux-gnu/5/../../../x86_64-linux-gnu -L/usr/lib/gcc/x86_64-linux-gnu/5/../../../../lib -L/lib/x86_64-linux-gnu -L/lib/../lib -L/usr/lib/x86_64-linux-gnu -L/usr/lib/../lib -L/usr/lib/gcc/x86_64-linux-gnu/5/../../.. CMakeFiles/cmTC_c5d10.dir/CMakeCCompilerABI.c.o -lgcc --as-needed -lgcc_s --no-as-needed -lc -lgcc --as-needed -lgcc_s --no-as-needed /usr/lib/gcc/x86_64-linux-gnu/5/crtend.o /usr/lib/gcc/x86_64-linux-gnu/5/../../../x86_64-linux-gnu/crtn.o]
    arg [/usr/lib/gcc/x86_64-linux-gnu/5/collect2] ==> ignore
    arg [-plugin] ==> ignore
    arg [/usr/lib/gcc/x86_64-linux-gnu/5/liblto_plugin.so] ==> ignore
    arg [-plugin-opt=/usr/lib/gcc/x86_64-linux-gnu/5/lto-wrapper] ==> ignore
    arg [-plugin-opt=-fresolution=/tmp/ccLZ4vgX.res] ==> ignore
    arg [-plugin-opt=-pass-through=-lgcc] ==> ignore
    arg [-plugin-opt=-pass-through=-lgcc_s] ==> ignore
    arg [-plugin-opt=-pass-through=-lc] ==> ignore
    arg [-plugin-opt=-pass-through=-lgcc] ==> ignore
    arg [-plugin-opt=-pass-through=-lgcc_s] ==> ignore
    arg [--sysroot=/] ==> ignore
    arg [--build-id] ==> ignore
    arg [--eh-frame-hdr] ==> ignore
    arg [-m] ==> ignore
    arg [elf_x86_64] ==> ignore
    arg [--hash-style=gnu] ==> ignore
    arg [--as-needed] ==> ignore
    arg [-export-dynamic] ==> ignore
    arg [-dynamic-linker] ==> ignore
    arg [/lib64/ld-linux-x86-64.so.2] ==> ignore
    arg [-zrelro] ==> ignore
    arg [-o] ==> ignore
    arg [cmTC_c5d10] ==> ignore
    arg [/usr/lib/gcc/x86_64-linux-gnu/5/../../../x86_64-linux-gnu/crt1.o] ==> ignore
    arg [/usr/lib/gcc/x86_64-linux-gnu/5/../../../x86_64-linux-gnu/crti.o] ==> ignore
    arg [/usr/lib/gcc/x86_64-linux-gnu/5/crtbegin.o] ==> ignore
    arg [-L/usr/lib/gcc/x86_64-linux-gnu/5] ==> dir [/usr/lib/gcc/x86_64-linux-gnu/5]
    arg [-L/usr/lib/gcc/x86_64-linux-gnu/5/../../../x86_64-linux-gnu] ==> dir [/usr/lib/gcc/x86_64-linux-gnu/5/../../../x86_64-linux-gnu]
    arg [-L/usr/lib/gcc/x86_64-linux-gnu/5/../../../../lib] ==> dir [/usr/lib/gcc/x86_64-linux-gnu/5/../../../../lib]
    arg [-L/lib/x86_64-linux-gnu] ==> dir [/lib/x86_64-linux-gnu]
    arg [-L/lib/../lib] ==> dir [/lib/../lib]
    arg [-L/usr/lib/x86_64-linux-gnu] ==> dir [/usr/lib/x86_64-linux-gnu]
    arg [-L/usr/lib/../lib] ==> dir [/usr/lib/../lib]
    arg [-L/usr/lib/gcc/x86_64-linux-gnu/5/../../..] ==> dir [/usr/lib/gcc/x86_64-linux-gnu/5/../../..]
    arg [CMakeFiles/cmTC_c5d10.dir/CMakeCCompilerABI.c.o] ==> ignore
    arg [-lgcc] ==> lib [gcc]
    arg [--as-needed] ==> ignore
    arg [-lgcc_s] ==> lib [gcc_s]
    arg [--no-as-needed] ==> ignore
    arg [-lc] ==> lib [c]
    arg [-lgcc] ==> lib [gcc]
    arg [--as-needed] ==> ignore
    arg [-lgcc_s] ==> lib [gcc_s]
    arg [--no-as-needed] ==> ignore
    arg [/usr/lib/gcc/x86_64-linux-gnu/5/crtend.o] ==> ignore
    arg [/usr/lib/gcc/x86_64-linux-gnu/5/../../../x86_64-linux-gnu/crtn.o] ==> ignore
  remove lib [gcc]
  remove lib [gcc_s]
  remove lib [gcc]
  remove lib [gcc_s]
  collapse library dir [/usr/lib/gcc/x86_64-linux-gnu/5] ==> [/usr/lib/gcc/x86_64-linux-gnu/5]
  collapse library dir [/usr/lib/gcc/x86_64-linux-gnu/5/../../../x86_64-linux-gnu] ==> [/usr/lib/x86_64-linux-gnu]
  collapse library dir [/usr/lib/gcc/x86_64-linux-gnu/5/../../../../lib] ==> [/usr/lib]
  collapse library dir [/lib/x86_64-linux-gnu] ==> [/lib/x86_64-linux-gnu]
  collapse library dir [/lib/../lib] ==> [/lib]
  collapse library dir [/usr/lib/x86_64-linux-gnu] ==> [/usr/lib/x86_64-linux-gnu]
  collapse library dir [/usr/lib/../lib] ==> [/usr/lib]
  collapse library dir [/usr/lib/gcc/x86_64-linux-gnu/5/../../..] ==> [/usr/lib]
  implicit libs: [c]
  implicit dirs: [/usr/lib/gcc/x86_64-linux-gnu/5;/usr/lib/x86_64-linux-gnu;/usr/lib;/lib/x86_64-linux-gnu;/lib]
  implicit fwks: []




Detecting C [-std=c11] compiler features compiled with the following output:
Change Dir: /home/ken/Documents/C++/GLImac-Template/build/CMakeFiles/CMakeTmp

Run Build Command:"/usr/bin/make" "cmTC_730d3/fast"
/usr/bin/make -f CMakeFiles/cmTC_730d3.dir/build.make CMakeFiles/cmTC_730d3.dir/build
make[1]: Entering directory '/home/ken/Documents/C++/GLImac-Template/build/CMakeFiles/CMakeTmp'
Building C object CMakeFiles/cmTC_730d3.dir/feature_tests.c.o
/usr/bin/cc    -std=c11 -o CMakeFiles/cmTC_730d3.dir/feature_tests.c.o   -c /home/ken/Documents/C++/GLImac-Template/build/CMakeFiles/feature_tests.c
Linking C executable cmTC_730d3
/usr/bin/cmake -E cmake_link_script CMakeFiles/cmTC_730d3.dir/link.txt --verbose=1
/usr/bin/cc       CMakeFiles/cmTC_730d3.dir/feature_tests.c.o  -o cmTC_730d3 -rdynamic 
make[1]: Leaving directory '/home/ken/Documents/C++/GLImac-Template/build/CMakeFiles/CMakeTmp'


    Feature record: C_FEATURE:1c_function_prototypes
    Feature record: C_FEATURE:1c_restrict
    Feature record: C_FEATURE:1c_static_assert
    Feature record: C_FEATURE:1c_variadic_macros


Detecting C [-std=c99] compiler features compiled with the following output:
Change Dir: /home/ken/Documents/C++/GLImac-Template/build/CMakeFiles/CMakeTmp

Run Build Command:"/usr/bin/make" "cmTC_80548/fast"
/usr/bin/make -f CMakeFiles/cmTC_80548.dir/build.make CMakeFiles/cmTC_80548.dir/build
make[1]: Entering directory '/home/ken/Documents/C++/GLImac-Template/build/CMakeFiles/CMakeTmp'
Building C object CMakeFiles/cmTC_80548.dir/feature_tests.c.o
/usr/bin/cc    -std=c99 -o CMakeFiles/cmTC_80548.dir/feature_tests.c.o   -c /home/ken/Documents/C++/GLImac-Template/build/CMakeFiles/feature_tests.c
Linking C executable cmTC_80548
/usr/bin/cmake -E cmake_link_script CMakeFiles/cmTC_80548.dir/link.txt --verbose=1
/usr/bin/cc       CMakeFiles/cmTC_80548.dir/feature_tests.c.o  -o cmTC_80548 -rdynamic 
make[1]: Leaving directory '/home/ken/Documents/C++/GLImac-Template/build/CMakeFiles/CMakeTmp'


    Feature record: C_FEATURE:1c_function_prototypes
    Feature record: C_FEATURE:1c_restrict
    Feature record: C_FEATURE:0c_static_assert
    Feature record: C_FEATURE:1c_variadic_macros


Detecting C [-std=c90] compiler features compiled with the following output:
Change Dir: /home/ken/Documents/C++/GLImac-Template/build/CMakeFiles/CMakeTmp

Run Build Command:"/usr/bin/make" "cmTC_9730e/fast"
/usr/bin/make -f CMakeFiles/cmTC_9730e.dir/build.make CMakeFiles/cmTC_9730e.dir/build
make[1]: Entering directory '/home/ken/Documents/C++/GLImac-Template/build/CMakeFiles/CMakeTmp'
Building C object CMakeFiles/cmTC_9730e.dir/feature_tests.c.o
/usr/bin/cc    -std=c90 -o CMakeFiles/cmTC_9730e.dir/feature_tests.c.o   -c /home/ken/Documents/C++/GLImac-Template/build/CMakeFiles/feature_tests.c
Linking C executable cmTC_9730e
/usr/bin/cmake -E cmake_link_script CMakeFiles/cmTC_9730e.dir/link.txt --verbose=1
/usr/bin/cc       CMakeFiles/cmTC_9730e.dir/feature_tests.c.o  -o cmTC_9730e -rdynamic 
make[1]: Leaving directory '/home/ken/Documents/C++/GLImac-Template/build/CMakeFiles/CMakeTmp'


    Feature record: C_FEATURE:1c_function_prototypes
    Feature record: C_FEATURE:0c_restrict
    Feature record: C_FEATURE:0c_static_assert
    Feature record: C_FEATURE:0c_variadic_macros
Determining if the CXX compiler works passed with the following output:
Change Dir: /home/ken/Documents/C++/GLImac-Template/build/CMakeFiles/CMakeTmp

Run Build Command:"/usr/bin/make" "cmTC_80867/fast"
/usr/bin/make -f CMakeFiles/cmTC_80867.dir/build.make CMakeFiles/cmTC_80867.dir/build
make[1]: Entering directory '/home/ken/Documents/C++/GLImac-Template/build/CMakeFiles/CMakeTmp'
Building CXX object CMakeFiles/cmTC_80867.dir/testCXXCompiler.cxx.o
/usr/bin/c++      -o CMakeFiles/cmTC_80867.dir/testCXXCompiler.cxx.o -c /home/ken/Documents/C++/GLImac-Template/build/CMakeFiles/CMakeTmp/testCXXCompiler.cxx
Linking CXX executable cmTC_80867
/usr/bin/cmake -E cmake_link_script CMakeFiles/cmTC_80867.dir/link.txt --verbose=1
/usr/bin/c++        CMakeFiles/cmTC_80867.dir/testCXXCompiler.cxx.o  -o cmTC_80867 -rdynamic 
make[1]: Leaving directory '/home/ken/Documents/C++/GLImac-Template/build/CMakeFiles/CMakeTmp'


Detecting CXX compiler ABI info compiled with the following output:
Change Dir: /home/ken/Documents/C++/GLImac-Template/build/CMakeFiles/CMakeTmp

Run Build Command:"/usr/bin/make" "cmTC_01de6/fast"
/usr/bin/make -f CMakeFiles/cmTC_01de6.dir/build.make CMakeFiles/cmTC_01de6.dir/build
make[1]: Entering directory '/home/ken/Documents/C++/GLImac-Template/build/CMakeFiles/CMakeTmp'
Building CXX object CMakeFiles/cmTC_01de6.dir/CMakeCXXCompilerABI.cpp.o
/usr/bin/c++      -o CMakeFiles/cmTC_01de6.dir/CMakeCXXCompilerABI.cpp.o -c /usr/share/cmake-3.5/Modules/CMakeCXXCompilerABI.cpp
Linking CXX executable cmTC_01de6
/usr/bin/cmake -E cmake_link_script CMakeFiles/cmTC_01de6.dir/link.txt --verbose=1
/usr/bin/c++       -v CMakeFiles/cmTC_01de6.dir/CMakeCXXCompilerABI.cpp.o  -o cmTC_01de6 -rdynamic  
Using built-in specs.
COLLECT_GCC=/usr/bin/c++
COLLECT_LTO_WRAPPER=/usr/lib/gcc/x86_64-linux-gnu/5/lto-wrapper
Target: x86_64-linux-gnu
Configured with: ../src/configure -v --with-pkgversion='Ubuntu 5.4.0-6ubuntu1~16.04.5' --with-bugurl=file:///usr/share/doc/gcc-5/README.Bugs --enable-languages=c,ada,c++,java,go,d,fortran,objc,obj-c++ --prefix=/usr --program-suffix=-5 --enable-shared --enable-linker-build-id --libexecdir=/usr/lib --without-included-gettext --enable-threads=posix --libdir=/usr/lib --enable-nls --with-sysroot=/ --enable-clocale=gnu --enable-libstdcxx-debug --enable-libstdcxx-time=yes --with-default-libstdcxx-abi=new --enable-gnu-unique-object --disable-vtable-verify --enable-libmpx --enable-plugin --with-system-zlib --disable-browser-plugin --enable-java-awt=gtk --enable-gtk-cairo --with-java-home=/usr/lib/jvm/java-1.5.0-gcj-5-amd64/jre --enable-java-home --with-jvm-root-dir=/usr/lib/jvm/java-1.5.0-gcj-5-amd64 --with-jvm-jar-dir=/usr/lib/jvm-exports/java-1.5.0-gcj-5-amd64 --with-arch-directory=amd64 --with-ecj-jar=/usr/share/java/eclipse-ecj.jar --enable-objc-gc --enable-multiarch --disable-werror --with-arch-32=i686 --with-abi=m64 --with-multilib-list=m32,m64,mx32 --enable-multilib --with-tune=generic --enable-checking=release --build=x86_64-linux-gnu --host=x86_64-linux-gnu --target=x86_64-linux-gnu
Thread model: posix
gcc version 5.4.0 20160609 (Ubuntu 5.4.0-6ubuntu1~16.04.5) 
COMPILER_PATH=/usr/lib/gcc/x86_64-linux-gnu/5/:/usr/lib/gcc/x86_64-linux-gnu/5/:/usr/lib/gcc/x86_64-linux-gnu/:/usr/lib/gcc/x86_64-linux-gnu/5/:/usr/lib/gcc/x86_64-linux-gnu/
LIBRARY_PATH=/usr/lib/gcc/x86_64-linux-gnu/5/:/usr/lib/gcc/x86_64-linux-gnu/5/../../../x86_64-linux-gnu/:/usr/lib/gcc/x86_64-linux-gnu/5/../../../../lib/:/lib/x86_64-linux-gnu/:/lib/../lib/:/usr/lib/x86_64-linux-gnu/:/usr/lib/../lib/:/usr/lib/gcc/x86_64-linux-gnu/5/../../../:/lib/:/usr/lib/
COLLECT_GCC_OPTIONS='-v' '-o' 'cmTC_01de6' '-rdynamic' '-shared-libgcc' '-mtune=generic' '-march=x86-64'
 /usr/lib/gcc/x86_64-linux-gnu/5/collect2 -plugin /usr/lib/gcc/x86_64-linux-gnu/5/liblto_plugin.so -plugin-opt=/usr/lib/gcc/x86_64-linux-gnu/5/lto-wrapper -plugin-opt=-fresolution=/tmp/ccyeB13k.res -plugin-opt=-pass-through=-lgcc_s -plugin-opt=-pass-through=-lgcc -plugin-opt=-pass-through=-lc -plugin-opt=-pass-through=-lgcc_s -plugin-opt=-pass-through=-lgcc --sysroot=/ --build-id --eh-frame-hdr -m elf_x86_64 --hash-style=gnu --as-needed -export-dynamic -dynamic-linker /lib64/ld-linux-x86-64.so.2 -z relro -o cmTC_01de6 /usr/lib/gcc/x86_64-linux-gnu/5/../../../x86_64-linux-gnu/crt1.o /usr/lib/gcc/x86_64-linux-gnu/5/../../../x86_64-linux-gnu/crti.o /usr/lib/gcc/x86_64-linux-gnu/5/crtbegin.o -L/usr/lib/gcc/x86_64-linux-gnu/5 -L/usr/lib/gcc/x86_64-linux-gnu/5/../../../x86_64-linux-gnu -L/usr/lib/gcc/x86_64-linux-gnu/5/../../../../lib -L/lib/x86_64-linux-gnu -L/lib/../lib -L/usr/lib/x86_64-linux-gnu -L/usr/lib/../lib -L/usr/lib/gcc/x86_64-linux-gnu/5/../../.. CMakeFiles/cmTC_01de6.dir/CMakeCXXCompilerABI.cpp.o -lstdc++ -lm -lgcc_s -lgcc -lc -lgcc_s -lgcc /usr/lib/gcc/x86_64-linux-gnu/5/crtend.o /usr/lib/gcc/x86_64-linux-gnu/5/../../../x86_64-linux-gnu/crtn.o
make[1]: Leaving directory '/home/ken/Documents/C++/GLImac-Template/build/CMakeFiles/CMakeTmp'


Parsed CXX implicit link information from above output:
  link line regex: [^( *|.*[/\])(ld|([^/\]+-)?ld|collect2)[^/\]*( |$)]
  ignore line: [Change Dir: /home/ken/Documents/C++/GLImac-Template/build/CMakeFiles/CMakeTmp]
  ignore line: []
  ignore line: [Run Build Command:"/usr/bin/make" "cmTC_01de6/fast"]
  ignore line: [/usr/bin/make -f CMakeFiles/cmTC_01de6.dir/build.make CMakeFiles/cmTC_01de6.dir/build]
  ignore line: [make[1]: Entering directory '/home/ken/Documents/C++/GLImac-Template/build/CMakeFiles/CMakeTmp']
  ignore line: [Building CXX object CMakeFiles/cmTC_01de6.dir/CMakeCXXCompilerABI.cpp.o]
  ignore line: [/usr/bin/c++      -o CMakeFiles/cmTC_01de6.dir/CMakeCXXCompilerABI.cpp.o -c /usr/share/cmake-3.5/Modules/CMakeCXXCompilerABI.cpp]
  ignore line: [Linking CXX executable cmTC_01de6]
  ignore line: [/usr/bin/cmake -E cmake_link_script CMakeFiles/cmTC_01de6.dir/link.txt --verbose=1]
  ignore line: [/usr/bin/c++       -v CMakeFiles/cmTC_01de6.dir/CMakeCXXCompilerABI.cpp.o  -o cmTC_01de6 -rdynamic  ]
  ignore line: [Using built-in specs.]
  ignore line: [COLLECT_GCC=/usr/bin/c++]
  ignore line: [COLLECT_LTO_WRAPPER=/usr/lib/gcc/x86_64-linux-gnu/5/lto-wrapper]
  ignore line: [Target: x86_64-linux-gnu]
  ignore line: [Configured with: ../src/configure -v --with-pkgversion='Ubuntu 5.4.0-6ubuntu1~16.04.5' --with-bugurl=file:///usr/share/doc/gcc-5/README.Bugs --enable-languages=c,ada,c++,java,go,d,fortran,objc,obj-c++ --prefix=/usr --program-suffix=-5 --enable-shared --enable-linker-build-id --libexecdir=/usr/lib --without-included-gettext --enable-threads=posix --libdir=/usr/lib --enable-nls --with-sysroot=/ --enable-clocale=gnu --enable-libstdcxx-debug --enable-libstdcxx-time=yes --with-default-libstdcxx-abi=new --enable-gnu-unique-object --disable-vtable-verify --enable-libmpx --enable-plugin --with-system-zlib --disable-browser-plugin --enable-java-awt=gtk --enable-gtk-cairo --with-java-home=/usr/lib/jvm/java-1.5.0-gcj-5-amd64/jre --enable-java-home --with-jvm-root-dir=/usr/lib/jvm/java-1.5.0-gcj-5-amd64 --with-jvm-jar-dir=/usr/lib/jvm-exports/java-1.5.0-gcj-5-amd64 --with-arch-directory=amd64 --with-ecj-jar=/usr/share/java/eclipse-ecj.jar --enable-objc-gc --enable-multiarch --disable-werror --with-arch-32=i686 --with-abi=m64 --with-multilib-list=m32,m64,mx32 --enable-multilib --with-tune=generic --enable-checking=release --build=x86_64-linux-gnu --host=x86_64-linux-gnu --target=x86_64-linux-gnu]
  ignore line: [Thread model: posix]
  ignore line: [gcc version 5.4.0 20160609 (Ubuntu 5.4.0-6ubuntu1~16.04.5) ]
  ignore line: [COMPILER_PATH=/usr/lib/gcc/x86_64-linux-gnu/5/:/usr/lib/gcc/x86_64-linux-gnu/5/:/usr/lib/gcc/x86_64-linux-gnu/:/usr/lib/gcc/x86_64-linux-gnu/5/:/usr/lib/gcc/x86_64-linux-gnu/]
  ignore line: [LIBRARY_PATH=/usr/lib/gcc/x86_64-linux-gnu/5/:/usr/lib/gcc/x86_64-linux-gnu/5/../../../x86_64-linux-gnu/:/usr/lib/gcc/x86_64-linux-gnu/5/../../../../lib/:/lib/x86_64-linux-gnu/:/lib/../lib/:/usr/lib/x86_64-linux-gnu/:/usr/lib/../lib/:/usr/lib/gcc/x86_64-linux-gnu/5/../../../:/lib/:/usr/lib/]
  ignore line: [COLLECT_GCC_OPTIONS='-v' '-o' 'cmTC_01de6' '-rdynamic' '-shared-libgcc' '-mtune=generic' '-march=x86-64']
  link line: [ /usr/lib/gcc/x86_64-linux-gnu/5/collect2 -plugin /usr/lib/gcc/x86_64-linux-gnu/5/liblto_plugin.so -plugin-opt=/usr/lib/gcc/x86_64-linux-gnu/5/lto-wrapper -plugin-opt=-fresolution=/tmp/ccyeB13k.res -plugin-opt=-pass-through=-lgcc_s -plugin-opt=-pass-through=-lgcc -plugin-opt=-pass-through=-lc -plugin-opt=-pass-through=-lgcc_s -plugin-opt=-pass-through=-lgcc --sysroot=/ --build-id --eh-frame-hdr -m elf_x86_64 --hash-style=gnu --as-needed -export-dynamic -dynamic-linker /lib64/ld-linux-x86-64.so.2 -z relro -o cmTC_01de6 /usr/lib/gcc/x86_64-linux-gnu/5/../../../x86_64-linux-gnu/crt1.o /usr/lib/gcc/x86_64-linux-gnu/5/../../../x86_64-linux-gnu/crti.o /usr/lib/gcc/x86_64-linux-gnu/5/crtbegin.o -L/usr/lib/gcc/x86_64-linux-gnu/5 -L/usr/lib/gcc/x86_64-linux-gnu/5/../../../x86_64-linux-gnu -L/usr/lib/gcc/x86_64-linux-gnu/5/../../../../lib -L/lib/x86_64-linux-gnu -L/lib/../lib -L/usr/lib/x86_64-linux-gnu -L/usr/lib/../lib -L/usr/lib/gcc/x86_64-linux-gnu/5/../../.. CMakeFiles/cmTC_01de6.dir/CMakeCXXCompilerABI.cpp.o -lstdc++ -lm -lgcc_s -lgcc -lc -lgcc_s -lgcc /usr/lib/gcc/x86_64-linux-gnu/5/crtend.o /usr/lib/gcc/x86_64-linux-gnu/5/../../../x86_64-linux-gnu/crtn.o]
    arg [/usr/lib/gcc/x86_64-linux-gnu/5/collect2] ==> ignore
    arg [-plugin] ==> ignore
    arg [/usr/lib/gcc/x86_64-linux-gnu/5/liblto_plugin.so] ==> ignore
    arg [-plugin-opt=/usr/lib/gcc/x86_64-linux-gnu/5/lto-wrapper] ==> ignore
    arg [-plugin-opt=-fresolution=/tmp/ccyeB13k.res] ==> ignore
    arg [-plugin-opt=-pass-through=-lgcc_s] ==> ignore
    arg [-plugin-opt=-pass-through=-lgcc] ==> ignore
    arg [-plugin-opt=-pass-through=-lc] ==> ignore
    arg [-plugin-opt=-pass-through=-lgcc_s] ==> ignore
    arg [-plugin-opt=-pass-through=-lgcc] ==> ignore
    arg [--sysroot=/] ==> ignore
    arg [--build-id] ==> ignore
    arg [--eh-frame-hdr] ==> ignore
    arg [-m] ==> ignore
    arg [elf_x86_64] ==> ignore
    arg [--hash-style=gnu] ==> ignore
    arg [--as-needed] ==> ignore
    arg [-export-dynamic] ==> ignore
    arg [-dynamic-linker] ==> ignore
    arg [/lib64/ld-linux-x86-64.so.2] ==> ignore
    arg [-zrelro] ==> ignore
    arg [-o] ==> ignore
    arg [cmTC_01de6] ==> ignore
    arg [/usr/lib/gcc/x86_64-linux-gnu/5/../../../x86_64-linux-gnu/crt1.o] ==> ignore
    arg [/usr/lib/gcc/x86_64-linux-gnu/5/../../../x86_64-linux-gnu/crti.o] ==> ignore
    arg [/usr/lib/gcc/x86_64-linux-gnu/5/crtbegin.o] ==> ignore
    arg [-L/usr/lib/gcc/x86_64-linux-gnu/5] ==> dir [/usr/lib/gcc/x86_64-linux-gnu/5]
    arg [-L/usr/lib/gcc/x86_64-linux-gnu/5/../../../x86_64-linux-gnu] ==> dir [/usr/lib/gcc/x86_64-linux-gnu/5/../../../x86_64-linux-gnu]
    arg [-L/usr/lib/gcc/x86_64-linux-gnu/5/../../../../lib] ==> dir [/usr/lib/gcc/x86_64-linux-gnu/5/../../../../lib]
    arg [-L/lib/x86_64-linux-gnu] ==> dir [/lib/x86_64-linux-gnu]
    arg [-L/lib/../lib] ==> dir [/lib/../lib]
    arg [-L/usr/lib/x86_64-linux-gnu] ==> dir [/usr/lib/x86_64-linux-gnu]
    arg [-L/usr/lib/../lib] ==> dir [/usr/lib/../lib]
    arg [-L/usr/lib/gcc/x86_64-linux-gnu/5/../../..] ==> dir [/usr/lib/gcc/x86_64-linux-gnu/5/../../..]
    arg [CMakeFiles/cmTC_01de6.dir/CMakeCXXCompilerABI.cpp.o] ==> ignore
    arg [-lstdc++] ==> lib [stdc++]
    arg [-lm] ==> lib [m]
    arg [-lgcc_s] ==> lib [gcc_s]
    arg [-lgcc] ==> lib [gcc]
    arg [-lc] ==> lib [c]
    arg [-lgcc_s] ==> lib [gcc_s]
    arg [-lgcc] ==> lib [gcc]
    arg [/usr/lib/gcc/x86_64-linux-gnu/5/crtend.o] ==> ignore
    arg [/usr/lib/gcc/x86_64-linux-gnu/5/../../../x86_64-linux-gnu/crtn.o] ==> ignore
  remove lib [gcc_s]
  remove lib [gcc]
  remove lib [gcc_s]
  remove lib [gcc]
  collapse library dir [/usr/lib/gcc/x86_64-linux-gnu/5] ==> [/usr/lib/gcc/x86_64-linux-gnu/5]
  collapse library dir [/usr/lib/gcc/x86_64-linux-gnu/5/../../../x86_64-linux-gnu] ==> [/usr/lib/x86_64-linux-gnu]
  collapse library dir [/usr/lib/gcc/x86_64-linux-gnu/5/../../../../lib] ==> [/usr/lib]
  collapse library dir [/lib/x86_64-linux-gnu] ==> [/lib/x86_64-linux-gnu]
  collapse library dir [/lib/../lib] ==> [/lib]
  collapse library dir [/usr/lib/x86_64-linux-gnu] ==> [/usr/lib/x86_64-linux-gnu]
  collapse library dir [/usr/lib/../lib] ==> [/usr/lib]
  collapse library dir [/usr/lib/gcc/x86_64-linux-gnu/5/../../..] ==> [/usr/lib]
  implicit libs: [stdc++;m;c]
  implicit dirs: [/usr/lib/gcc/x86_64-linux-gnu/5;/usr/lib/x86_64-linux-gnu;/usr/lib;/lib/x86_64-linux-gnu;/lib]
  implicit fwks: []




Detecting CXX [-std=c++14] compiler features compiled with the following output:
Change Dir: /home/ken/Documents/C++/GLImac-Template/build/CMakeFiles/CMakeTmp

Run Build Command:"/usr/bin/make" "cmTC_98663/fast"
/usr/bin/make -f CMakeFiles/cmTC_98663.dir/build.make CMakeFiles/cmTC_98663.dir/build
make[1]: Entering directory '/home/ken/Documents/C++/GLImac-Template/build/CMakeFiles/CMakeTmp'
Building CXX object CMakeFiles/cmTC_98663.dir/feature_tests.cxx.o
/usr/bin/c++     -std=c++14 -o CMakeFiles/cmTC_98663.dir/feature_tests.cxx.o -c /home/ken/Documents/C++/GLImac-Template/build/CMakeFiles/feature_tests.cxx
Linking CXX executable cmTC_98663
/usr/bin/cmake -E cmake_link_script CMakeFiles/cmTC_98663.dir/link.txt --verbose=1
/usr/bin/c++        CMakeFiles/cmTC_98663.dir/feature_tests.cxx.o  -o cmTC_98663 -rdynamic 
make[1]: Leaving directory '/home/ken/Documents/C++/GLImac-Template/build/CMakeFiles/CMakeTmp'


    Feature record: CXX_FEATURE:1cxx_aggregate_default_initializers
    Feature record: CXX_FEATURE:1cxx_alias_templates
    Feature record: CXX_FEATURE:1cxx_alignas
    Feature record: CXX_FEATURE:1cxx_alignof
    Feature record: CXX_FEATURE:1cxx_attributes
    Feature record: CXX_FEATURE:1cxx_attribute_deprecated
    Feature record: CXX_FEATURE:1cxx_auto_type
    Feature record: CXX_FEATURE:1cxx_binary_literals
    Feature record: CXX_FEATURE:1cxx_constexpr
    Feature record: CXX_FEATURE:1cxx_contextual_conversions
    Feature record: CXX_FEATURE:1cxx_decltype
    Feature record: CXX_FEATURE:1cxx_decltype_auto
    Feature record: CXX_FEATURE:1cxx_decltype_incomplete_return_types
    Feature record: CXX_FEATURE:1cxx_default_function_template_args
    Feature record: CXX_FEATURE:1cxx_defaulted_functions
    Feature record: CXX_FEATURE:1cxx_defaulted_move_initializers
    Feature record: CXX_FEATURE:1cxx_delegating_constructors
    Feature record: CXX_FEATURE:1cxx_deleted_functions
    Feature record: CXX_FEATURE:1cxx_digit_separators
    Feature record: CXX_FEATURE:1cxx_enum_forward_declarations
    Feature record: CXX_FEATURE:1cxx_explicit_conversions
    Feature record: CXX_FEATURE:1cxx_extended_friend_declarations
    Feature record: CXX_FEATURE:1cxx_extern_templates
    Feature record: CXX_FEATURE:1cxx_final
    Feature record: CXX_FEATURE:1cxx_func_identifier
    Feature record: CXX_FEATURE:1cxx_generalized_initializers
    Feature record: CXX_FEATURE:1cxx_generic_lambdas
    Feature record: CXX_FEATURE:1cxx_inheriting_constructors
    Feature record: CXX_FEATURE:1cxx_inline_namespaces
    Feature record: CXX_FEATURE:1cxx_lambdas
    Feature record: CXX_FEATURE:1cxx_lambda_init_captures
    Feature record: CXX_FEATURE:1cxx_local_type_template_args
    Feature record: CXX_FEATURE:1cxx_long_long_type
    Feature record: CXX_FEATURE:1cxx_noexcept
    Feature record: CXX_FEATURE:1cxx_nonstatic_member_init
    Feature record: CXX_FEATURE:1cxx_nullptr
    Feature record: CXX_FEATURE:1cxx_override
    Feature record: CXX_FEATURE:1cxx_range_for
    Feature record: CXX_FEATURE:1cxx_raw_string_literals
    Feature record: CXX_FEATURE:1cxx_reference_qualified_functions
    Feature record: CXX_FEATURE:1cxx_relaxed_constexpr
    Feature record: CXX_FEATURE:1cxx_return_type_deduction
    Feature record: CXX_FEATURE:1cxx_right_angle_brackets
    Feature record: CXX_FEATURE:1cxx_rvalue_references
    Feature record: CXX_FEATURE:1cxx_sizeof_member
    Feature record: CXX_FEATURE:1cxx_static_assert
    Feature record: CXX_FEATURE:1cxx_strong_enums
    Feature record: CXX_FEATURE:1cxx_template_template_parameters
    Feature record: CXX_FEATURE:1cxx_thread_local
    Feature record: CXX_FEATURE:1cxx_trailing_return_types
    Feature record: CXX_FEATURE:1cxx_unicode_literals
    Feature record: CXX_FEATURE:1cxx_uniform_initialization
    Feature record: CXX_FEATURE:1cxx_unrestricted_unions
    Feature record: CXX_FEATURE:1cxx_user_literals
    Feature record: CXX_FEATURE:1cxx_variable_templates
    Feature record: CXX_FEATURE:1cxx_variadic_macros
    Feature record: CXX_FEATURE:1cxx_variadic_templates


Detecting CXX [-std=c++11] compiler features compiled with the following output:
Change Dir: /home/ken/Documents/C++/GLImac-Template/build/CMakeFiles/CMakeTmp

Run Build Command:"/usr/bin/make" "cmTC_285f3/fast"
/usr/bin/make -f CMakeFiles/cmTC_285f3.dir/build.make CMakeFiles/cmTC_285f3.dir/build
make[1]: Entering directory '/home/ken/Documents/C++/GLImac-Template/build/CMakeFiles/CMakeTmp'
Building CXX object CMakeFiles/cmTC_285f3.dir/feature_tests.cxx.o
/usr/bin/c++     -std=c++11 -o CMakeFiles/cmTC_285f3.dir/feature_tests.cxx.o -c /home/ken/Documents/C++/GLImac-Template/build/CMakeFiles/feature_tests.cxx
Linking CXX executable cmTC_285f3
/usr/bin/cmake -E cmake_link_script CMakeFiles/cmTC_285f3.dir/link.txt --verbose=1
/usr/bin/c++        CMakeFiles/cmTC_285f3.dir/feature_tests.cxx.o  -o cmTC_285f3 -rdynamic 
make[1]: Leaving directory '/home/ken/Documents/C++/GLImac-Template/build/CMakeFiles/CMakeTmp'


    Feature record: CXX_FEATURE:0cxx_aggregate_default_initializers
    Feature record: CXX_FEATURE:1cxx_alias_templates
    Feature record: CXX_FEATURE:1cxx_alignas
    Feature record: CXX_FEATURE:1cxx_alignof
    Feature record: CXX_FEATURE:1cxx_attributes
    Feature record: CXX_FEATURE:0cxx_attribute_deprecated
    Feature record: CXX_FEATURE:1cxx_auto_type
    Feature record: CXX_FEATURE:0cxx_binary_literals
    Feature record: CXX_FEATURE:1cxx_constexpr
    Feature record: CXX_FEATURE:0cxx_contextual_conversions
    Feature record: CXX_FEATURE:1cxx_decltype
    Feature record: CXX_FEATURE:0cxx_decltype_auto
    Feature record: CXX_FEATURE:1cxx_decltype_incomplete_return_types
    Feature record: CXX_FEATURE:1cxx_default_function_template_args
    Feature record: CXX_FEATURE:1cxx_defaulted_functions
    Feature record: CXX_FEATURE:1cxx_defaulted_move_initializers
    Feature record: CXX_FEATURE:1cxx_delegating_constructors
    Feature record: CXX_FEATURE:1cxx_deleted_functions
    Feature record: CXX_FEATURE:0cxx_digit_separators
    Feature record: CXX_FEATURE:1cxx_enum_forward_declarations
    Feature record: CXX_FEATURE:1cxx_explicit_conversions
    Feature record: CXX_FEATURE:1cxx_extended_friend_declarations
    Feature record: CXX_FEATURE:1cxx_extern_templates
    Feature record: CXX_FEATURE:1cxx_final
    Feature record: CXX_FEATURE:1cxx_func_identifier
    Feature record: CXX_FEATURE:1cxx_generalized_initializers
    Feature record: CXX_FEATURE:0cxx_generic_lambdas
    Feature record: CXX_FEATURE:1cxx_inheriting_constructors
    Feature record: CXX_FEATURE:1cxx_inline_namespaces
    Feature record: CXX_FEATURE:1cxx_lambdas
    Feature record: CXX_FEATURE:0cxx_lambda_init_captures
    Feature record: CXX_FEATURE:1cxx_local_type_template_args
    Feature record: CXX_FEATURE:1cxx_long_long_type
    Feature record: CXX_FEATURE:1cxx_noexcept
    Feature record: CXX_FEATURE:1cxx_nonstatic_member_init
    Feature record: CXX_FEATURE:1cxx_nullptr
    Feature record: CXX_FEATURE:1cxx_override
    Feature record: CXX_FEATURE:1cxx_range_for
    Feature record: CXX_FEATURE:1cxx_raw_string_literals
    Feature record: CXX_FEATURE:1cxx_reference_qualified_functions
    Feature record: CXX_FEATURE:0cxx_relaxed_constexpr
    Feature record: CXX_FEATURE:0cxx_return_type_deduction
    Feature record: CXX_FEATURE:1cxx_right_angle_brackets
    Feature record: CXX_FEATURE:1cxx_rvalue_references
    Feature record: CXX_FEATURE:1cxx_sizeof_member
    Feature record: CXX_FEATURE:1cxx_static_assert
    Feature record: CXX_FEATURE:1cxx_strong_enums
    Feature record: CXX_FEATURE:1cxx_template_template_parameters
    Feature record: CXX_FEATURE:1cxx_thread_local
    Feature record: CXX_FEATURE:1cxx_trailing_return_types
    Feature record: CXX_FEATURE:1cxx_unicode_literals
    Feature record: CXX_FEATURE:1cxx_uniform_initialization
    Feature record: CXX_FEATURE:1cxx_unrestricted_unions
    Feature record: CXX_FEATURE:1cxx_user_literals
    Feature record: CXX_FEATURE:0cxx_variable_templates
    Feature record: CXX_FEATURE:1cxx_variadic_macros
    Feature record: CXX_FEATURE:1cxx_variadic_templates


Detecting CXX [-std=c++98] compiler features compiled with the following output:
Change Dir: /home/ken/Documents/C++/GLImac-Template/build/CMakeFiles/CMakeTmp

Run Build Command:"/usr/bin/make" "cmTC_f6692/fast"
/usr/bin/make -f CMakeFiles/cmTC_f6692.dir/build.make CMakeFiles/cmTC_f6692.dir/build
make[1]: Entering directory '/home/ken/Documents/C++/GLImac-Template/build/CMakeFiles/CMakeTmp'
Building CXX object CMakeFiles/cmTC_f6692.dir/feature_tests.cxx.o
/usr/bin/c++     -std=c++98 -o CMakeFiles/cmTC_f6692.dir/feature_tests.cxx.o -c /home/ken/Documents/C++/GLImac-Template/build/CMakeFiles/feature_tests.cxx
Linking CXX executable cmTC_f6692
/usr/bin/cmake -E cmake_link_script CMakeFiles/cmTC_f6692.dir/link.txt --verbose=1
/usr/bin/c++        CMakeFiles/cmTC_f6692.dir/feature_tests.cxx.o  -o cmTC_f6692 -rdynamic 
make[1]: Leaving directory '/home/ken/Documents/C++/GLImac-Template/build/CMakeFiles/CMakeTmp'


    Feature record: CXX_FEATURE:0cxx_aggregate_default_initializers
    Feature record: CXX_FEATURE:0cxx_alias_templates
    Feature record: CXX_FEATURE:0cxx_alignas
    Feature record: CXX_FEATURE:0cxx_alignof
    Feature record: CXX_FEATURE:0cxx_attributes
    Feature record: CXX_FEATURE:0cxx_attribute_deprecated
    Feature record: CXX_FEATURE:0cxx_auto_type
    Feature record: CXX_FEATURE:0cxx_binary_literals
    Feature record: CXX_FEATURE:0cxx_constexpr
    Feature record: CXX_FEATURE:0cxx_contextual_conversions
    Feature record: CXX_FEATURE:0cxx_decltype
    Feature record: CXX_FEATURE:0cxx_decltype_auto
    Feature record: CXX_FEATURE:0cxx_decltype_incomplete_return_types
    Feature record: CXX_FEATURE:0cxx_default_function_template_args
    Feature record: CXX_FEATURE:0cxx_defaulted_functions
    Feature record: CXX_FEATURE:0cxx_defaulted_move_initializers
    Feature record: CXX_FEATURE:0cxx_delegating_constructors
    Feature record: CXX_FEATURE:0cxx_deleted_functions
    Feature record: CXX_FEATURE:0cxx_digit_separators
    Feature record: CXX_FEATURE:0cxx_enum_forward_declarations
    Feature record: CXX_FEATURE:0cxx_explicit_conversions
    Feature record: CXX_FEATURE:0cxx_extended_friend_declarations
    Feature record: CXX_FEATURE:0cxx_extern_templates
    Feature record: CXX_FEATURE:0cxx_final
    Feature record: CXX_FEATURE:0cxx_func_identifier
    Feature record: CXX_FEATURE:0cxx_generalized_initializers
    Feature record: CXX_FEATURE:0cxx_generic_lambdas
    Feature record: CXX_FEATURE:0cxx_inheriting_constructors
    Feature record: CXX_FEATURE:0cxx_inline_namespaces
    Feature record: CXX_FEATURE:0cxx_lambdas
    Feature record: CXX_FEATURE:0cxx_lambda_init_captures
    Feature record: CXX_FEATURE:0cxx_local_type_template_args
    Feature record: CXX_FEATURE:0cxx_long_long_type
    Feature record: CXX_FEATURE:0cxx_noexcept
    Feature record: CXX_FEATURE:0cxx_nonstatic_member_init
    Feature record: CXX_FEATURE:0cxx_nullptr
    Feature record: CXX_FEATURE:0cxx_override
    Feature record: CXX_FEATURE:0cxx_range_for
    Feature record: CXX_FEATURE:0cxx_raw_string_literals
    Feature record: CXX_FEATURE:0cxx_reference_qualified_functions
    Feature record: CXX_FEATURE:0cxx_relaxed_constexpr
    Feature record: CXX_FEATURE:0cxx_return_type_deduction
    Feature record: CXX_FEATURE:0cxx_right_angle_brackets
    Feature record: CXX_FEATURE:0cxx_rvalue_references
    Feature record: CXX_FEATURE:0cxx_sizeof_member
    Feature record: CXX_FEATURE:0cxx_static_assert
    Feature record: CXX_FEATURE:0cxx_strong_enums
    Feature record: CXX_FEATURE:1cxx_template_template_parameters
    Feature record: CXX_FEATURE:0cxx_thread_local
    Feature record: CXX_FEATURE:0cxx_trailing_return_types
    Feature record: CXX_FEATURE:0cxx_unicode_literals
    Feature record: CXX_FEATURE:0cxx_uniform_initialization
    Feature record: CXX_FEATURE:0cxx_unrestricted_unions
    Feature record: CXX_FEATURE:0cxx_user_literals
    Feature record: CXX_FEATURE:0cxx_variable_templates
    Feature record: CXX_FEATURE:0cxx_variadic_macros
    Feature record: CXX_FEATURE:0cxx_variadic_templates
Determining if the include file pthread.h exists passed with the following output:
Change Dir: /home/ken/Documents/C++/GLImac-Template/build/CMakeFiles/CMakeTmp

Run Build Command:"/usr/bin/make" "cmTC_448c0/fast"
/usr/bin/make -f CMakeFiles/cmTC_448c0.dir/build.make CMakeFiles/cmTC_448c0.dir/build
make[1]: Entering directory '/home/ken/Documents/C++/GLImac-Template/build/CMakeFiles/CMakeTmp'
Building C object CMakeFiles/cmTC_448c0.dir/CheckIncludeFile.c.o
/usr/bin/cc     -o CMakeFiles/cmTC_448c0.dir/CheckIncludeFile.c.o   -c /home/ken/Documents/C++/GLImac-Template/build/CMakeFiles/CMakeTmp/CheckIncludeFile.c
Linking C executable cmTC_448c0
/usr/bin/cmake -E cmake_link_script CMakeFiles/cmTC_448c0.dir/link.txt --verbose=1
/usr/bin/cc       CMakeFiles/cmTC_448c0.dir/CheckIncludeFile.c.o  -o cmTC_448c0 -rdynamic 
make[1]: Leaving directory '/home/ken/Documents/C++/GLImac-Template/build/CMakeFiles/CMakeTmp'


Determining if the function pthread_create exists in the pthread passed with the following output:
Change Dir: /home/ken/Documents/C++/GLImac-Template/build/CMakeFiles/CMakeTmp

Run Build Command:"/usr/bin/make" "cmTC_4b6f0/fast"
/usr/bin/make -f CMakeFiles/cmTC_4b6f0.dir/build.make CMakeFiles/cmTC_4b6f0.dir/build
make[1]: Entering directory '/home/ken/Documents/C++/GLImac-Template/build/CMakeFiles/CMakeTmp'
Building C object CMakeFiles/cmTC_4b6f0.dir/CheckFunctionExists.c.o
/usr/bin/cc    -DCHECK_FUNCTION_EXISTS=pthread_create   -o CMakeFiles/cmTC_4b6f0.dir/CheckFunctionExists.c.o   -c /usr/share/cmake-3.5/Modules/CheckFunctionExists.c
Linking C executable cmTC_4b6f0
/usr/bin/cmake -E cmake_link_script CMakeFiles/cmTC_4b6f0.dir/link.txt --verbose=1
/usr/bin/cc   -DCHECK_FUNCTION_EXISTS=pthread_create    CMakeFiles/cmTC_4b6f0.dir/CheckFunctionExists.c.o  -o cmTC_4b6f0 -rdynamic -lpthread 
make[1]: Leaving directory '/home/ken/Documents/C++/GLImac-Template/build/CMakeFiles/CMakeTmp'


Determining if the include file pthread.h exists passed with the following output:
Change Dir: /home/ken/Documents/C++/GLImac-Template (fonctionnel à copier) (copie)/build/CMakeFiles/CMakeTmp

Run Build Command:"/usr/bin/make" "cmTC_286d9/fast"
/usr/bin/make -f CMakeFiles/cmTC_286d9.dir/build.make CMakeFiles/cmTC_286d9.dir/build
make[1]: Entering directory '/home/ken/Documents/C++/GLImac-Template (fonctionnel à copier) (copie)/build/CMakeFiles/CMakeTmp'
Building C object CMakeFiles/cmTC_286d9.dir/CheckIncludeFile.c.o
/usr/bin/cc     -o CMakeFiles/cmTC_286d9.dir/CheckIncludeFile.c.o   -c "/home/ken/Documents/C++/GLImac-Template (fonctionnel à copier) (copie)/build/CMakeFiles/CMakeTmp/CheckIncludeFile.c"
Linking C executable cmTC_286d9
/usr/bin/cmake -E cmake_link_script CMakeFiles/cmTC_286d9.dir/link.txt --verbose=1
/usr/bin/cc       CMakeFiles/cmTC_286d9.dir/CheckIncludeFile.c.o  -o cmTC_286d9 -rdynamic 
make[1]: Leaving directory '/home/ken/Documents/C++/GLImac-Template (fonctionnel à copier) (copie)/build/CMakeFiles/CMakeTmp'


Determining if the function pthread_create exists in the pthread passed with the following output:
Change Dir: /home/ken/Documents/C++/GLImac-Template (fonctionnel à copier) (copie)/build/CMakeFiles/CMakeTmp

Run Build Command:"/usr/bin/make" "cmTC_4ab73/fast"
/usr/bin/make -f CMakeFiles/cmTC_4ab73.dir/build.make CMakeFiles/cmTC_4ab73.dir/build
make[1]: Entering directory '/home/ken/Documents/C++/GLImac-Template (fonctionnel à copier) (copie)/build/CMakeFiles/CMakeTmp'
Building C object CMakeFiles/cmTC_4ab73.dir/CheckFunctionExists.c.o
/usr/bin/cc    -DCHECK_FUNCTION_EXISTS=pthread_create   -o CMakeFiles/cmTC_4ab73.dir/CheckFunctionExists.c.o   -c /usr/share/cmake-3.5/Modules/CheckFunctionExists.c
Linking C executable cmTC_4ab73
/usr/bin/cmake -E cmake_link_script CMakeFiles/cmTC_4ab73.dir/link.txt --verbose=1
/usr/bin/cc   -DCHECK_FUNCTION_EXISTS=pthread_create    CMakeFiles/cmTC_4ab73.dir/CheckFunctionExists.c.o  -o cmTC_4ab73 -rdynamic -lpthread 
make[1]: Leaving directory '/home/ken/Documents/C++/GLImac-Template (fonctionnel à copier) (copie)/build/CMakeFiles/CMakeTmp'


Determining if the include file pthread.h exists passed with the following output:
Change Dir: /home/ken/Documents/C++/IMACMAN/build/CMakeFiles/CMakeTmp

Run Build Command:"/usr/bin/make" "cmTC_6e818/fast"
/usr/bin/make -f CMakeFiles/cmTC_6e818.dir/build.make CMakeFiles/cmTC_6e818.dir/build
make[1]: Entering directory '/home/ken/Documents/C++/IMACMAN/build/CMakeFiles/CMakeTmp'
Building C object CMakeFiles/cmTC_6e818.dir/CheckIncludeFile.c.o
/usr/bin/cc     -o CMakeFiles/cmTC_6e818.dir/CheckIncludeFile.c.o   -c /home/ken/Documents/C++/IMACMAN/build/CMakeFiles/CMakeTmp/CheckIncludeFile.c
Linking C executable cmTC_6e818
/usr/bin/cmake -E cmake_link_script CMakeFiles/cmTC_6e818.dir/link.txt --verbose=1
/usr/bin/cc       CMakeFiles/cmTC_6e818.dir/CheckIncludeFile.c.o  -o cmTC_6e818 -rdynamic 
make[1]: Leaving directory '/home/ken/Documents/C++/IMACMAN/build/CMakeFiles/CMakeTmp'


Determining if the function pthread_create exists in the pthread passed with the following output:
Change Dir: /home/ken/Documents/C++/IMACMAN/build/CMakeFiles/CMakeTmp

Run Build Command:"/usr/bin/make" "cmTC_8f333/fast"
/usr/bin/make -f CMakeFiles/cmTC_8f333.dir/build.make CMakeFiles/cmTC_8f333.dir/build
make[1]: Entering directory '/home/ken/Documents/C++/IMACMAN/build/CMakeFiles/CMakeTmp'
Building C object CMakeFiles/cmTC_8f333.dir/CheckFunctionExists.c.o
/usr/bin/cc    -DCHECK_FUNCTION_EXISTS=pthread_create   -o CMakeFiles/cmTC_8f333.dir/CheckFunctionExists.c.o   -c /usr/share/cmake-3.5/Modules/CheckFunctionExists.c
Linking C executable cmTC_8f333
/usr/bin/cmake -E cmake_link_script CMakeFiles/cmTC_8f333.dir/link.txt --verbose=1
/usr/bin/cc   -DCHECK_FUNCTION_EXISTS=pthread_create    CMakeFiles/cmTC_8f333.dir/CheckFunctionExists.c.o  -o cmTC_8f333 -rdynamic -lpthread 
make[1]: Leaving directory '/home/ken/Documents/C++/IMACMAN/build/CMakeFiles/CMakeTmp'


Determining if the include file pthread.h exists passed with the following output:
Change Dir: /home/ken/Documents/C++/IMACMAN COMMUN/PROJET/build/CMakeFiles/CMakeTmp

Run Build Command:"/usr/bin/make" "cmTC_6cecf/fast"
/usr/bin/make -f CMakeFiles/cmTC_6cecf.dir/build.make CMakeFiles/cmTC_6cecf.dir/build
make[1]: Entering directory '/home/ken/Documents/C++/IMACMAN COMMUN/PROJET/build/CMakeFiles/CMakeTmp'
Building C object CMakeFiles/cmTC_6cecf.dir/CheckIncludeFile.c.o
/usr/bin/cc     -o CMakeFiles/cmTC_6cecf.dir/CheckIncludeFile.c.o   -c "/home/ken/Documents/C++/IMACMAN COMMUN/PROJET/build/CMakeFiles/CMakeTmp/CheckIncludeFile.c"
Linking C executable cmTC_6cecf
/usr/bin/cmake -E cmake_link_script CMakeFiles/cmTC_6cecf.dir/link.txt --verbose=1
/usr/bin/cc       CMakeFiles/cmTC_6cecf.dir/CheckIncludeFile.c.o  -o cmTC_6cecf -rdynamic 
make[1]: Leaving directory '/home/ken/Documents/C++/IMACMAN COMMUN/PROJET/build/CMakeFiles/CMakeTmp'


Determining if the function pthread_create exists in the pthread passed with the following output:
Change Dir: /home/ken/Documents/C++/IMACMAN COMMUN/PROJET/build/CMakeFiles/CMakeTmp

Run Build Command:"/usr/bin/make" "cmTC_415ef/fast"
/usr/bin/make -f CMakeFiles/cmTC_415ef.dir/build.make CMakeFiles/cmTC_415ef.dir/build
make[1]: Entering directory '/home/ken/Documents/C++/IMACMAN COMMUN/PROJET/build/CMakeFiles/CMakeTmp'
Building C object CMakeFiles/cmTC_415ef.dir/CheckFunctionExists.c.o
/usr/bin/cc    -DCHECK_FUNCTION_EXISTS=pthread_create   -o CMakeFiles/cmTC_415ef.dir/CheckFunctionExists.c.o   -c /usr/share/cmake-3.5/Modules/CheckFunctionExists.c
Linking C executable cmTC_415ef
/usr/bin/cmake -E cmake_link_script CMakeFiles/cmTC_415ef.dir/link.txt --verbose=1
/usr/bin/cc   -DCHECK_FUNCTION_EXISTS=pthread_create    CMakeFiles/cmTC_415ef.dir/CheckFunctionExists.c.o  -o cmTC_415ef -rdynamic -lpthread 
make[1]: Leaving directory '/home/ken/Documents/C++/IMACMAN COMMUN/PROJET/build/CMakeFiles/CMakeTmp'


Determining if the include file pthread.h exists passed with the following output:
Change Dir: /home/ken/Documents/C++/IMACMAN COMMUN/PROJET/build/CMakeFiles/CMakeTmp

Run Build Command:"/usr/bin/make" "cmTC_163e1/fast"
/usr/bin/make -f CMakeFiles/cmTC_163e1.dir/build.make CMakeFiles/cmTC_163e1.dir/build
make[1]: Entering directory '/home/ken/Documents/C++/IMACMAN COMMUN/PROJET/build/CMakeFiles/CMakeTmp'
Building C object CMakeFiles/cmTC_163e1.dir/CheckIncludeFile.c.o
/usr/bin/cc     -o CMakeFiles/cmTC_163e1.dir/CheckIncludeFile.c.o   -c "/home/ken/Documents/C++/IMACMAN COMMUN/PROJET/build/CMakeFiles/CMakeTmp/CheckIncludeFile.c"
Linking C executable cmTC_163e1
/usr/bin/cmake -E cmake_link_script CMakeFiles/cmTC_163e1.dir/link.txt --verbose=1
/usr/bin/cc       CMakeFiles/cmTC_163e1.dir/CheckIncludeFile.c.o  -o cmTC_163e1 -rdynamic 
make[1]: Leaving directory '/home/ken/Documents/C++/IMACMAN COMMUN/PROJET/build/CMakeFiles/CMakeTmp'


Determining if the function pthread_create exists in the pthread passed with the following output:
Change Dir: /home/ken/Documents/C++/IMACMAN COMMUN/PROJET/build/CMakeFiles/CMakeTmp

Run Build Command:"/usr/bin/make" "cmTC_abe24/fast"
/usr/bin/make -f CMakeFiles/cmTC_abe24.dir/build.make CMakeFiles/cmTC_abe24.dir/build
make[1]: Entering directory '/home/ken/Documents/C++/IMACMAN COMMUN/PROJET/build/CMakeFiles/CMakeTmp'
Building C object CMakeFiles/cmTC_abe24.dir/CheckFunctionExists.c.o
/usr/bin/cc    -DCHECK_FUNCTION_EXISTS=pthread_create   -o CMakeFiles/cmTC_abe24.dir/CheckFunctionExists.c.o   -c /usr/share/cmake-3.5/Modules/CheckFunctionExists.c
Linking C executable cmTC_abe24
/usr/bin/cmake -E cmake_link_script CMakeFiles/cmTC_abe24.dir/link.txt --verbose=1
/usr/bin/cc   -DCHECK_FUNCTION_EXISTS=pthread_create    CMakeFiles/cmTC_abe24.dir/CheckFunctionExists.c.o  -o cmTC_abe24 -rdynamic -lpthread 
make[1]: Leaving directory '/home/ken/Documents/C++/IMACMAN COMMUN/PROJET/build/CMakeFiles/CMakeTmp'


Determining if the include file pthread.h exists passed with the following output:
Change Dir: /home/ken/Documents/C++/IMACMAN COMMUN/PROJET/build/CMakeFiles/CMakeTmp

Run Build Command:"/usr/bin/make" "cmTC_e7637/fast"
/usr/bin/make -f CMakeFiles/cmTC_e7637.dir/build.make CMakeFiles/cmTC_e7637.dir/build
make[1]: Entering directory '/home/ken/Documents/C++/IMACMAN COMMUN/PROJET/build/CMakeFiles/CMakeTmp'
Building C object CMakeFiles/cmTC_e7637.dir/CheckIncludeFile.c.o
/usr/bin/cc     -o CMakeFiles/cmTC_e7637.dir/CheckIncludeFile.c.o   -c "/home/ken/Documents/C++/IMACMAN COMMUN/PROJET/build/CMakeFiles/CMakeTmp/CheckIncludeFile.c"
Linking C executable cmTC_e7637
/usr/bin/cmake -E cmake_link_script CMakeFiles/cmTC_e7637.dir/link.txt --verbose=1
/usr/bin/cc       CMakeFiles/cmTC_e7637.dir/CheckIncludeFile.c.o  -o cmTC_e7637 -rdynamic 
make[1]: Leaving directory '/home/ken/Documents/C++/IMACMAN COMMUN/PROJET/build/CMakeFiles/CMakeTmp'


Determining if the function pthread_create exists in the pthread passed with the following output:
Change Dir: /home/ken/Documents/C++/IMACMAN COMMUN/PROJET/build/CMakeFiles/CMakeTmp

Run Build Command:"/usr/bin/make" "cmTC_94162/fast"
/usr/bin/make -f CMakeFiles/cmTC_94162.dir/build.make CMakeFiles/cmTC_94162.dir/build
make[1]: Entering directory '/home/ken/Documents/C++/IMACMAN COMMUN/PROJET/build/CMakeFiles/CMakeTmp'
Building C object CMakeFiles/cmTC_94162.dir/CheckFunctionExists.c.o
/usr/bin/cc    -DCHECK_FUNCTION_EXISTS=pthread_create   -o CMakeFiles/cmTC_94162.dir/CheckFunctionExists.c.o   -c /usr/share/cmake-3.5/Modules/CheckFunctionExists.c
Linking C executable cmTC_94162
/usr/bin/cmake -E cmake_link_script CMakeFiles/cmTC_94162.dir/link.txt --verbose=1
/usr/bin/cc   -DCHECK_FUNCTION_EXISTS=pthread_create    CMakeFiles/cmTC_94162.dir/CheckFunctionExists.c.o  -o cmTC_94162 -rdynamic -lpthread 
make[1]: Leaving directory '/home/ken/Documents/C++/IMACMAN COMMUN/PROJET/build/CMakeFiles/CMakeTmp'


Determining if the include file pthread.h exists passed with the following output:
Change Dir: /home/ken/Documents/C++/IMACMAN COMMUN/PROJET V2/build/CMakeFiles/CMakeTmp

Run Build Command:"/usr/bin/make" "cmTC_fe1f5/fast"
/usr/bin/make -f CMakeFiles/cmTC_fe1f5.dir/build.make CMakeFiles/cmTC_fe1f5.dir/build
make[1]: Entering directory '/home/ken/Documents/C++/IMACMAN COMMUN/PROJET V2/build/CMakeFiles/CMakeTmp'
Building C object CMakeFiles/cmTC_fe1f5.dir/CheckIncludeFile.c.o
/usr/bin/cc     -o CMakeFiles/cmTC_fe1f5.dir/CheckIncludeFile.c.o   -c "/home/ken/Documents/C++/IMACMAN COMMUN/PROJET V2/build/CMakeFiles/CMakeTmp/CheckIncludeFile.c"
Linking C executable cmTC_fe1f5
/usr/bin/cmake -E cmake_link_script CMakeFiles/cmTC_fe1f5.dir/link.txt --verbose=1
/usr/bin/cc       CMakeFiles/cmTC_fe1f5.dir/CheckIncludeFile.c.o  -o cmTC_fe1f5 -rdynamic 
make[1]: Leaving directory '/home/ken/Documents/C++/IMACMAN COMMUN/PROJET V2/build/CMakeFiles/CMakeTmp'


Determining if the function pthread_create exists in the pthread passed with the following output:
Change Dir: /home/ken/Documents/C++/IMACMAN COMMUN/PROJET V2/build/CMakeFiles/CMakeTmp

Run Build Command:"/usr/bin/make" "cmTC_b296c/fast"
/usr/bin/make -f CMakeFiles/cmTC_b296c.dir/build.make CMakeFiles/cmTC_b296c.dir/build
make[1]: Entering directory '/home/ken/Documents/C++/IMACMAN COMMUN/PROJET V2/build/CMakeFiles/CMakeTmp'
Building C object CMakeFiles/cmTC_b296c.dir/CheckFunctionExists.c.o
/usr/bin/cc    -DCHECK_FUNCTION_EXISTS=pthread_create   -o CMakeFiles/cmTC_b296c.dir/CheckFunctionExists.c.o   -c /usr/share/cmake-3.5/Modules/CheckFunctionExists.c
Linking C executable cmTC_b296c
/usr/bin/cmake -E cmake_link_script CMakeFiles/cmTC_b296c.dir/link.txt --verbose=1
/usr/bin/cc   -DCHECK_FUNCTION_EXISTS=pthread_create    CMakeFiles/cmTC_b296c.dir/CheckFunctionExists.c.o  -o cmTC_b296c -rdynamic -lpthread 
make[1]: Leaving directory '/home/ken/Documents/C++/IMACMAN COMMUN/PROJET V2/build/CMakeFiles/CMakeTmp'


Determining if the include file pthread.h exists passed with the following output:
Change Dir: /home/ken/Documents/C++/IMACMAN COMMUN/PROJET V3/build/CMakeFiles/CMakeTmp

Run Build Command:"/usr/bin/make" "cmTC_f2769/fast"
/usr/bin/make -f CMakeFiles/cmTC_f2769.dir/build.make CMakeFiles/cmTC_f2769.dir/build
make[1]: Entering directory '/home/ken/Documents/C++/IMACMAN COMMUN/PROJET V3/build/CMakeFiles/CMakeTmp'
Building C object CMakeFiles/cmTC_f2769.dir/CheckIncludeFile.c.o
/usr/bin/cc     -o CMakeFiles/cmTC_f2769.dir/CheckIncludeFile.c.o   -c "/home/ken/Documents/C++/IMACMAN COMMUN/PROJET V3/build/CMakeFiles/CMakeTmp/CheckIncludeFile.c"
Linking C executable cmTC_f2769
/usr/bin/cmake -E cmake_link_script CMakeFiles/cmTC_f2769.dir/link.txt --verbose=1
/usr/bin/cc       CMakeFiles/cmTC_f2769.dir/CheckIncludeFile.c.o  -o cmTC_f2769 -rdynamic 
make[1]: Leaving directory '/home/ken/Documents/C++/IMACMAN COMMUN/PROJET V3/build/CMakeFiles/CMakeTmp'


Determining if the function pthread_create exists in the pthread passed with the following output:
Change Dir: /home/ken/Documents/C++/IMACMAN COMMUN/PROJET V3/build/CMakeFiles/CMakeTmp

Run Build Command:"/usr/bin/make" "cmTC_f0b8e/fast"
/usr/bin/make -f CMakeFiles/cmTC_f0b8e.dir/build.make CMakeFiles/cmTC_f0b8e.dir/build
make[1]: Entering directory '/home/ken/Documents/C++/IMACMAN COMMUN/PROJET V3/build/CMakeFiles/CMakeTmp'
Building C object CMakeFiles/cmTC_f0b8e.dir/CheckFunctionExists.c.o
/usr/bin/cc    -DCHECK_FUNCTION_EXISTS=pthread_create   -o CMakeFiles/cmTC_f0b8e.dir/CheckFunctionExists.c.o   -c /usr/share/cmake-3.5/Modules/CheckFunctionExists.c
Linking C executable cmTC_f0b8e
/usr/bin/cmake -E cmake_link_script CMakeFiles/cmTC_f0b8e.dir/link.txt --verbose=1
/usr/bin/cc   -DCHECK_FUNCTION_EXISTS=pthread_create    CMakeFiles/cmTC_f0b8e.dir/CheckFunctionExists.c.o  -o cmTC_f0b8e -rdynamic -lpthread 
make[1]: Leaving directory '/home/ken/Documents/C++/IMACMAN COMMUN/PROJET V3/build/CMakeFiles/CMakeTmp'


Determining if the include file pthread.h exists passed with the following output:
Change Dir: /home/ken/Documents/C++/IMACMAN COMMUN/PROJET V4/build/CMakeFiles/CMakeTmp

Run Build Command:"/usr/bin/make" "cmTC_05061/fast"
/usr/bin/make -f CMakeFiles/cmTC_05061.dir/build.make CMakeFiles/cmTC_05061.dir/build
make[1]: Entering directory '/home/ken/Documents/C++/IMACMAN COMMUN/PROJET V4/build/CMakeFiles/CMakeTmp'
Building C object CMakeFiles/cmTC_05061.dir/CheckIncludeFile.c.o
/usr/bin/cc     -o CMakeFiles/cmTC_05061.dir/CheckIncludeFile.c.o   -c "/home/ken/Documents/C++/IMACMAN COMMUN/PROJET V4/build/CMakeFiles/CMakeTmp/CheckIncludeFile.c"
Linking C executable cmTC_05061
/usr/bin/cmake -E cmake_link_script CMakeFiles/cmTC_05061.dir/link.txt --verbose=1
/usr/bin/cc       CMakeFiles/cmTC_05061.dir/CheckIncludeFile.c.o  -o cmTC_05061 -rdynamic 
make[1]: Leaving directory '/home/ken/Documents/C++/IMACMAN COMMUN/PROJET V4/build/CMakeFiles/CMakeTmp'


Determining if the function pthread_create exists in the pthread passed with the following output:
Change Dir: /home/ken/Documents/C++/IMACMAN COMMUN/PROJET V4/build/CMakeFiles/CMakeTmp

Run Build Command:"/usr/bin/make" "cmTC_cab9e/fast"
/usr/bin/make -f CMakeFiles/cmTC_cab9e.dir/build.make CMakeFiles/cmTC_cab9e.dir/build
make[1]: Entering directory '/home/ken/Documents/C++/IMACMAN COMMUN/PROJET V4/build/CMakeFiles/CMakeTmp'
Building C object CMakeFiles/cmTC_cab9e.dir/CheckFunctionExists.c.o
/usr/bin/cc    -DCHECK_FUNCTION_EXISTS=pthread_create   -o CMakeFiles/cmTC_cab9e.dir/CheckFunctionExists.c.o   -c /usr/share/cmake-3.5/Modules/CheckFunctionExists.c
Linking C executable cmTC_cab9e
/usr/bin/cmake -E cmake_link_script CMakeFiles/cmTC_cab9e.dir/link.txt --verbose=1
/usr/bin/cc   -DCHECK_FUNCTION_EXISTS=pthread_create    CMakeFiles/cmTC_cab9e.dir/CheckFunctionExists.c.o  -o cmTC_cab9e -rdynamic -lpthread 
make[1]: Leaving directory '/home/ken/Documents/C++/IMACMAN COMMUN/PROJET V4/build/CMakeFiles/CMakeTmp'


Determining if the include file pthread.h exists passed with the following output:
Change Dir: /home/ken/Documents/C++/IMACMAN COMMUN/Final/build/CMakeFiles/CMakeTmp

Run Build Command:"/usr/bin/make" "cmTC_5af6a/fast"
/usr/bin/make -f CMakeFiles/cmTC_5af6a.dir/build.make CMakeFiles/cmTC_5af6a.dir/build
make[1]: Entering directory '/home/ken/Documents/C++/IMACMAN COMMUN/Final/build/CMakeFiles/CMakeTmp'
Building C object CMakeFiles/cmTC_5af6a.dir/CheckIncludeFile.c.o
/usr/bin/cc     -o CMakeFiles/cmTC_5af6a.dir/CheckIncludeFile.c.o   -c "/home/ken/Documents/C++/IMACMAN COMMUN/Final/build/CMakeFiles/CMakeTmp/CheckIncludeFile.c"
Linking C executable cmTC_5af6a
/usr/bin/cmake -E cmake_link_script CMakeFiles/cmTC_5af6a.dir/link.txt --verbose=1
/usr/bin/cc       CMakeFiles/cmTC_5af6a.dir/CheckIncludeFile.c.o  -o cmTC_5af6a -rdynamic 
make[1]: Leaving directory '/home/ken/Documents/C++/IMACMAN COMMUN/Final/build/CMakeFiles/CMakeTmp'


Determining if the function pthread_create exists in the pthread passed with the following output:
Change Dir: /home/ken/Documents/C++/IMACMAN COMMUN/Final/build/CMakeFiles/CMakeTmp

Run Build Command:"/usr/bin/make" "cmTC_27efe/fast"
/usr/bin/make -f CMakeFiles/cmTC_27efe.dir/build.make CMakeFiles/cmTC_27efe.dir/build
make[1]: Entering directory '/home/ken/Documents/C++/IMACMAN COMMUN/Final/build/CMakeFiles/CMakeTmp'
Building C object CMakeFiles/cmTC_27efe.dir/CheckFunctionExists.c.o
/usr/bin/cc    -DCHECK_FUNCTION_EXISTS=pthread_create   -o CMakeFiles/cmTC_27efe.dir/CheckFunctionExists.c.o   -c /usr/share/cmake-3.5/Modules/CheckFunctionExists.c
Linking C executable cmTC_27efe
/usr/bin/cmake -E cmake_link_script CMakeFiles/cmTC_27efe.dir/link.txt --verbose=1
/usr/bin/cc   -DCHECK_FUNCTION_EXISTS=pthread_create    CMakeFiles/cmTC_27efe.dir/CheckFunctionExists.c.o  -o cmTC_27efe -rdynamic -lpthread 
make[1]: Leaving directory '/home/ken/Documents/C++/IMACMAN COMMUN/Final/build/CMakeFiles/CMakeTmp'


